INFO    : PreTeXt project found in `/Users/zach/Documents/GitHub/math487notes`.
WARNING : Using CLI version 2.0.1 but project's `requirements.txt`
WARNING : is configured to use 1.7.5. Consider either installing
WARNING : CLI version 1.7.5 or changing `requirements.txt` to match 2.0.1.
INFO    : PreTeXt source passed schema validation.
INFO    : Preparing to build into /Users/zach/Documents/GitHub/math487notes/output/web.
INFO    : discovering source file's directory name: /Users/zach/Documents/GitHub/math487notes/source
INFO    : verifying and expanding input directory: /Users/zach/Documents/GitHub/math487notes/source/../generated-assets
INFO    : input directory expanded to absolute path: /Users/zach/Documents/GitHub/math487notes/generated-assets
INFO    : verifying and expanding input directory: /Users/zach/Documents/GitHub/math487notes/source/../assets
INFO    : input directory expanded to absolute path: /Users/zach/Documents/GitHub/math487notes/assets
INFO    : Runestone Services (via PreTeXt repository): version 7.1.2
INFO    : Runestone Services (using newer, via online CDN query): version 7.1.4
INFO    : converting /Users/zach/Documents/GitHub/math487notes/source/main.ptx to HTML in /var/folders/kf/br28c8hn59sbzh5kdm2wclw80000gn/T/tmpw8xxclbl
INFO    : XSL conversion of /Users/zach/Documents/GitHub/math487notes/source/main.ptx by /Users/zach/.ptx/xsl/pretext-html.xsl
INFO    : comprehensive messages, warnings, and errors:
INFO    :     * PTX:DEPRECATE: (2023-08-08) a "website" element with "address" and "name" children has changed.  Continue to use the "website" element as before, but replace the "address" and "name" children with a single "url" element, which is more flexible and reliable.  We will try to honor your intent, but you may prefer your own adjustments. (1 time)
INFO    :     *              located within: "frontmatter" (xml:id)
INFO    :     * --------------
INFO    : successful application of /Users/zach/.ptx/xsl/pretext-html.xsl
INFO    : 
Success! Run `pretext view` to see the results.

