INFO    : PreTeXt project found in `/Users/zach/Documents/GitHub/math487notes`.
WARNING : Using CLI version 2.0.1 but project's `requirements.txt`
WARNING : is configured to use 1.7.5. Consider either installing
WARNING : CLI version 1.7.5 or changing `requirements.txt` to match 2.0.1.
INFO    : Since no target was supplied, we will use "web".

INFO    : Staging latest build located in `/Users/zach/Documents/GitHub/math487notes/output/web` at `/Users/zach/Documents/GitHub/math487notes/output/stage`.
INFO    : 
INFO    : Deployment is now staged at `/Users/zach/Documents/GitHub/math487notes/output/stage`.
INFO    : Preparing to deploy from active `main` git branch.
INFO    : 
INFO    : Changes to project source since last commit detected.
INFO    : Add/committing these changes to local Git repository.
INFO    : 
INFO    : Committing your latest build to the `gh-pages` branch.
INFO    : 
INFO    : Attempting to connect to remote repository at `https://github.com/znorwood2/math487notes.git`...
INFO    : 
INFO    : 
INFO    : Latest build successfully pushed to GitHub!
INFO    : 
INFO    : To enable GitHub Pages, visit
INFO    :     https://github.com/znorwood2/math487notes/settings/pages
INFO    : selecting the `gh-pages` branch with the `/ (root)` folder.
INFO    : 
INFO    : Visit
INFO    :     https://github.com/znorwood2/math487notes/actions/
INFO    : to check on the status of your GitHub Pages deployment.
INFO    : 
INFO    : Your built project will soon be available to the public at:
INFO    :     https://znorwood2.github.io/math487notes/
